2025-01-28T16:19:24.825+03:00  INFO 22940 --- [main] com.avdei.spring1app.App                 : Starting App using Java 21.0.2 with PID 22940 (C:\gitty\spring1app\target\classes started by anton in C:\gitty\spring1app)
2025-01-28T16:19:24.825+03:00 DEBUG 22940 --- [main] com.avdei.spring1app.App                 : Running with Spring Boot v3.4.1, Spring v6.2.1
2025-01-28T16:19:24.825+03:00  INFO 22940 --- [main] com.avdei.spring1app.App                 : No active profile set, falling back to 1 default profile: "default"
2025-01-28T16:19:25.689+03:00  INFO 22940 --- [main] .s.d.r.c.RepositoryConfigurationDelegate : Bootstrapping Spring Data JPA repositories in DEFAULT mode.
2025-01-28T16:19:25.760+03:00  INFO 22940 --- [main] .s.d.r.c.RepositoryConfigurationDelegate : Finished Spring Data repository scanning in 55 ms. Found 2 JPA repository interfaces.
2025-01-28T16:19:26.402+03:00  INFO 22940 --- [main] o.s.b.w.embedded.tomcat.TomcatWebServer  : Tomcat initialized with port 8080 (http)
2025-01-28T16:19:26.414+03:00  INFO 22940 --- [main] o.apache.catalina.core.StandardService   : Starting service [Tomcat]
2025-01-28T16:19:26.419+03:00  INFO 22940 --- [main] o.apache.catalina.core.StandardEngine    : Starting Servlet engine: [Apache Tomcat/10.1.34]
2025-01-28T16:19:26.493+03:00  INFO 22940 --- [main] o.a.c.c.C.[Tomcat].[localhost].[/]       : Initializing Spring embedded WebApplicationContext
2025-01-28T16:19:26.493+03:00  INFO 22940 --- [main] w.s.c.ServletWebServerApplicationContext : Root WebApplicationContext: initialization completed in 1623 ms
2025-01-28T16:19:26.672+03:00  INFO 22940 --- [main] o.hibernate.jpa.internal.util.LogHelper  : HHH000204: Processing PersistenceUnitInfo [name: default]
2025-01-28T16:19:26.749+03:00  INFO 22940 --- [main] org.hibernate.Version                    : HHH000412: Hibernate ORM core version 6.6.4.Final
2025-01-28T16:19:26.781+03:00  INFO 22940 --- [main] o.h.c.internal.RegionFactoryInitiator    : HHH000026: Second-level cache disabled
2025-01-28T16:19:27.035+03:00  INFO 22940 --- [main] o.s.o.j.p.SpringPersistenceUnitInfo      : No LoadTimeWeaver setup: ignoring JPA class transformer
2025-01-28T16:19:27.064+03:00  INFO 22940 --- [main] com.zaxxer.hikari.HikariDataSource       : HikariPool-1 - Starting...
2025-01-28T16:19:27.400+03:00  INFO 22940 --- [main] com.zaxxer.hikari.pool.HikariPool        : HikariPool-1 - Added connection com.mysql.cj.jdbc.ConnectionImpl@174b8d0e
2025-01-28T16:19:27.402+03:00  INFO 22940 --- [main] com.zaxxer.hikari.HikariDataSource       : HikariPool-1 - Start completed.
2025-01-28T16:19:27.443+03:00  WARN 22940 --- [main] org.hibernate.orm.deprecation            : HHH90000025: MySQL8Dialect does not need to be specified explicitly using 'hibernate.dialect' (remove the property setting and it will be selected by default)
2025-01-28T16:19:27.443+03:00  WARN 22940 --- [main] org.hibernate.orm.deprecation            : HHH90000026: MySQL8Dialect has been deprecated; use org.hibernate.dialect.MySQLDialect instead
2025-01-28T16:19:27.458+03:00  INFO 22940 --- [main] org.hibernate.orm.connections.pooling    : HHH10001005: Database info:
	Database JDBC URL [Connecting through datasource 'HikariDataSource (HikariPool-1)']
	Database driver: undefined/unknown
	Database version: 8.0
	Autocommit mode: undefined/unknown
	Isolation level: undefined/unknown
	Minimum pool size: undefined/unknown
	Maximum pool size: undefined/unknown
2025-01-28T16:19:28.214+03:00  INFO 22940 --- [main] o.h.e.t.j.p.i.JtaPlatformInitiator       : HHH000489: No JTA platform available (set 'hibernate.transaction.jta.platform' to enable JTA platform integration)
2025-01-28T16:19:28.266+03:00  INFO 22940 --- [main] j.LocalContainerEntityManagerFactoryBean : Initialized JPA EntityManagerFactory for persistence unit 'default'
2025-01-28T16:19:28.722+03:00  WARN 22940 --- [main] JpaBaseConfiguration$JpaWebConfiguration : spring.jpa.open-in-view is enabled by default. Therefore, database queries may be performed during view rendering. Explicitly configure spring.jpa.open-in-view to disable this warning
2025-01-28T16:19:28.761+03:00  INFO 22940 --- [main] eAuthenticationProviderManagerConfigurer : Global AuthenticationManager configured with AuthenticationProvider bean with name authenticationProvider
2025-01-28T16:19:28.761+03:00  WARN 22940 --- [main] r$InitializeUserDetailsManagerConfigurer : Global AuthenticationManager configured with an AuthenticationProvider bean. UserDetailsService beans will not be used by Spring Security for automatically configuring username/password login. Consider removing the AuthenticationProvider bean. Alternatively, consider using the UserDetailsService in a manually instantiated DaoAuthenticationProvider. If the current configuration is intentional, to turn off this warning, increase the logging level of 'org.springframework.security.config.annotation.authentication.configuration.InitializeUserDetailsBeanManagerConfigurer' to ERROR
2025-01-28T16:19:29.346+03:00  INFO 22940 --- [main] o.s.b.w.embedded.tomcat.TomcatWebServer  : Tomcat started on port 8080 (http) with context path '/'
2025-01-28T16:19:29.348+03:00  INFO 22940 --- [main] com.avdei.spring1app.App                 : Started App in 4.972 seconds (process running for 5.416)
2025-01-28T16:19:36.561+03:00  INFO 22940 --- [http-nio-8080-exec-1] o.a.c.c.C.[Tomcat].[localhost].[/]       : Initializing Spring DispatcherServlet 'dispatcherServlet'
2025-01-28T16:19:36.569+03:00  INFO 22940 --- [http-nio-8080-exec-1] o.s.web.servlet.DispatcherServlet        : Initializing Servlet 'dispatcherServlet'
2025-01-28T16:19:36.570+03:00  INFO 22940 --- [http-nio-8080-exec-1] o.s.web.servlet.DispatcherServlet        : Completed initialization in 1 ms
2025-01-28T16:19:36.644+03:00  INFO 22940 --- [http-nio-8080-exec-2] com.avdei.spring1app.aspect.Executor     : Method execution(AuthenticationController.getLoginPage()) called
2025-01-28T16:19:36.644+03:00  INFO 22940 --- [http-nio-8080-exec-2] c.a.s.c.AuthenticationController         : GET request authentication page
2025-01-28T16:19:36.644+03:00  INFO 22940 --- [http-nio-8080-exec-2] com.avdei.spring1app.aspect.Executor     : Method String com.avdei.spring1app.controller.AuthenticationController.getLoginPage() ended successfully
2025-01-28T16:19:36.644+03:00  INFO 22940 --- [http-nio-8080-exec-2] com.avdei.spring1app.aspect.Executor     : Method execution(public java.lang.String com.avdei.spring1app.controller.AuthenticationController.getLoginPage()) ended
2025-01-28T16:19:46.498+03:00  INFO 22940 --- [http-nio-8080-exec-7] c.a.s.controller.TaskController          : Tasks returned successfully
2025-01-28T16:19:49.121+03:00  INFO 22940 --- [http-nio-8080-exec-10] com.avdei.spring1app.aspect.Executor     : Method execution(AuthenticationController.getLoginPage()) called
2025-01-28T16:19:49.121+03:00  INFO 22940 --- [http-nio-8080-exec-10] c.a.s.c.AuthenticationController         : GET request authentication page
2025-01-28T16:19:49.121+03:00  INFO 22940 --- [http-nio-8080-exec-10] com.avdei.spring1app.aspect.Executor     : Method String com.avdei.spring1app.controller.AuthenticationController.getLoginPage() ended successfully
2025-01-28T16:19:49.121+03:00  INFO 22940 --- [http-nio-8080-exec-10] com.avdei.spring1app.aspect.Executor     : Method execution(public java.lang.String com.avdei.spring1app.controller.AuthenticationController.getLoginPage()) ended
2025-01-28T16:20:14.838+03:00  INFO 22940 --- [SpringApplicationShutdownHook] o.s.b.w.e.tomcat.GracefulShutdown        : Commencing graceful shutdown. Waiting for active requests to complete
2025-01-28T16:20:14.842+03:00  INFO 22940 --- [tomcat-shutdown] o.s.b.w.e.tomcat.GracefulShutdown        : Graceful shutdown complete
2025-01-28T16:20:14.846+03:00  INFO 22940 --- [SpringApplicationShutdownHook] j.LocalContainerEntityManagerFactoryBean : Closing JPA EntityManagerFactory for persistence unit 'default'
2025-01-28T16:20:14.849+03:00  INFO 22940 --- [SpringApplicationShutdownHook] com.zaxxer.hikari.HikariDataSource       : HikariPool-1 - Shutdown initiated...
2025-01-28T16:20:14.857+03:00  INFO 22940 --- [SpringApplicationShutdownHook] com.zaxxer.hikari.HikariDataSource       : HikariPool-1 - Shutdown completed.
